## Footprint report - date Saturday, May 06, 2023 at 09:46:27 AM
## Created by Pcbnew version kicad (5.1.9-0-10_14)
## Unit = mm, Angle = deg.

$BeginDESCRIPTION

$BOARD
upper_left_corner 89.974999 109.974999
lower_right_corner 153.276076 138.425001
$EndBOARD

$MODULE "R1"
reference "R1"
value "0"
footprint "Resistor_SMD:R_0603_1608Metric"
attribut smd
position 136.920000 122.360000  orientation 180.00
layer front
$PAD "1"
Shape Roundrect Layer front
position -0.787500  0.000000  size  0.875000  0.950000  orientation 0.00
drill  0.000000
shape_offset  0.000000  0.000000
$EndPAD
$PAD "2"
Shape Roundrect Layer front
position  0.787500  0.000000  size  0.875000  0.950000  orientation 0.00
drill  0.000000
shape_offset  0.000000  0.000000
$EndPAD
$EndMODULE  R1

$MODULE "J2"
reference "J2"
value "15247140"
footprint "MOLEX_15247140"
attribut none
position 122.700000 119.890000  orientation 180.00
layer back
$PAD "1"
Shape Rect Layer both
position  0.000000  0.000000  size  1.900000  1.900000  orientation 0.00
drill  1.400000
shape_offset  0.000000  0.000000
$EndPAD
$PAD "2"
Shape Circle Layer both
position  4.200000  0.000000  size  1.900000  1.900000  orientation 0.00
drill  1.400000
shape_offset  0.000000  0.000000
$EndPAD
$PAD "None"
Shape Circle Layer both
position -4.700000  6.060000  size  3.000000  3.000000  orientation 0.00
drill  3.000000
shape_offset  0.000000  0.000000
$EndPAD
$PAD "8"
Shape Circle Layer both
position  0.000000  5.500000  size  1.900000  1.900000  orientation 0.00
drill  1.400000
shape_offset  0.000000  0.000000
$EndPAD
$PAD "9"
Shape Circle Layer both
position  4.200000  5.500000  size  1.900000  1.900000  orientation 0.00
drill  1.400000
shape_offset  0.000000  0.000000
$EndPAD
$PAD "None"
Shape Circle Layer both
position 29.900000  6.060000  size  3.000000  3.000000  orientation 0.00
drill  3.000000
shape_offset  0.000000  0.000000
$EndPAD
$PAD "3"
Shape Circle Layer both
position  8.400000  0.000000  size  1.900000  1.900000  orientation 0.00
drill  1.400000
shape_offset  0.000000  0.000000
$EndPAD
$PAD "4"
Shape Circle Layer both
position 12.600000  0.000000  size  1.900000  1.900000  orientation 0.00
drill  1.400000
shape_offset  0.000000  0.000000
$EndPAD
$PAD "5"
Shape Circle Layer both
position 16.800000  0.000000  size  1.900000  1.900000  orientation 0.00
drill  1.400000
shape_offset  0.000000  0.000000
$EndPAD
$PAD "6"
Shape Circle Layer both
position 21.000000  0.000000  size  1.900000  1.900000  orientation 0.00
drill  1.400000
shape_offset  0.000000  0.000000
$EndPAD
$PAD "7"
Shape Circle Layer both
position 25.200000  0.000000  size  1.900000  1.900000  orientation 0.00
drill  1.400000
shape_offset  0.000000  0.000000
$EndPAD
$PAD "10"
Shape Circle Layer both
position  8.400000  5.500000  size  1.900000  1.900000  orientation 0.00
drill  1.400000
shape_offset  0.000000  0.000000
$EndPAD
$PAD "11"
Shape Circle Layer both
position 12.600000  5.500000  size  1.900000  1.900000  orientation 0.00
drill  1.400000
shape_offset  0.000000  0.000000
$EndPAD
$PAD "12"
Shape Circle Layer both
position 16.800000  5.500000  size  1.900000  1.900000  orientation 0.00
drill  1.400000
shape_offset  0.000000  0.000000
$EndPAD
$PAD "13"
Shape Circle Layer both
position 21.000000  5.500000  size  1.900000  1.900000  orientation 0.00
drill  1.400000
shape_offset  0.000000  0.000000
$EndPAD
$PAD "14"
Shape Circle Layer both
position 25.200000  5.500000  size  1.900000  1.900000  orientation 0.00
drill  1.400000
shape_offset  0.000000  0.000000
$EndPAD
$EndMODULE  J2

$MODULE "R2"
reference "R2"
value "1k"
footprint "Resistor_SMD:R_0603_1608Metric"
attribut smd
position 144.925780 121.226862  orientation 0.00
layer front
$PAD "2"
Shape Roundrect Layer front
position  0.825000  0.000000  size  0.800000  0.950000  orientation 0.00
drill  0.000000
shape_offset  0.000000  0.000000
$EndPAD
$PAD "1"
Shape Roundrect Layer front
position -0.825000  0.000000  size  0.800000  0.950000  orientation 0.00
drill  0.000000
shape_offset  0.000000  0.000000
$EndPAD
$EndMODULE  R2

$MODULE "J1"
reference "J1"
value "39299246"
footprint "SS1_ATX:MOLEX_39299246"
attribut none
position 97.500000 128.300000  orientation 180.00
layer front
$PAD "None"
Shape Circle Layer both
position  4.700000 -5.040000  size  3.000000  3.000000  orientation 0.00
drill  3.000000
shape_offset  0.000000  0.000000
$EndPAD
$PAD "None"
Shape Circle Layer both
position -50.900000 -5.040000  size  3.000000  3.000000  orientation 0.00
drill  3.000000
shape_offset  0.000000  0.000000
$EndPAD
$PAD "24"
Shape Circle Layer both
position -46.200000 -5.500000  size  1.900000  1.900000  orientation 0.00
drill  1.400000
shape_offset  0.000000  0.000000
$EndPAD
$PAD "23"
Shape Circle Layer both
position -42.000000 -5.500000  size  1.900000  1.900000  orientation 0.00
drill  1.400000
shape_offset  0.000000  0.000000
$EndPAD
$PAD "22"
Shape Circle Layer both
position -37.800000 -5.500000  size  1.900000  1.900000  orientation 0.00
drill  1.400000
shape_offset  0.000000  0.000000
$EndPAD
$PAD "21"
Shape Circle Layer both
position -33.600000 -5.500000  size  1.900000  1.900000  orientation 0.00
drill  1.400000
shape_offset  0.000000  0.000000
$EndPAD
$PAD "20"
Shape Circle Layer both
position -29.400000 -5.500000  size  1.900000  1.900000  orientation 0.00
drill  1.400000
shape_offset  0.000000  0.000000
$EndPAD
$PAD "19"
Shape Circle Layer both
position -25.200000 -5.500000  size  1.900000  1.900000  orientation 0.00
drill  1.400000
shape_offset  0.000000  0.000000
$EndPAD
$PAD "18"
Shape Circle Layer both
position -21.000000 -5.500000  size  1.900000  1.900000  orientation 0.00
drill  1.400000
shape_offset  0.000000  0.000000
$EndPAD
$PAD "17"
Shape Circle Layer both
position -16.800000 -5.500000  size  1.900000  1.900000  orientation 0.00
drill  1.400000
shape_offset  0.000000  0.000000
$EndPAD
$PAD "16"
Shape Circle Layer both
position -12.600000 -5.500000  size  1.900000  1.900000  orientation 0.00
drill  1.400000
shape_offset  0.000000  0.000000
$EndPAD
$PAD "15"
Shape Circle Layer both
position -8.400000 -5.500000  size  1.900000  1.900000  orientation 0.00
drill  1.400000
shape_offset  0.000000  0.000000
$EndPAD
$PAD "14"
Shape Circle Layer both
position -4.200000 -5.500000  size  1.900000  1.900000  orientation 0.00
drill  1.400000
shape_offset  0.000000  0.000000
$EndPAD
$PAD "13"
Shape Circle Layer both
position  0.000000 -5.500000  size  1.900000  1.900000  orientation 0.00
drill  1.400000
shape_offset  0.000000  0.000000
$EndPAD
$PAD "12"
Shape Circle Layer both
position -46.200000  0.000000  size  1.900000  1.900000  orientation 0.00
drill  1.400000
shape_offset  0.000000  0.000000
$EndPAD
$PAD "11"
Shape Circle Layer both
position -42.000000  0.000000  size  1.900000  1.900000  orientation 0.00
drill  1.400000
shape_offset  0.000000  0.000000
$EndPAD
$PAD "10"
Shape Circle Layer both
position -37.800000  0.000000  size  1.900000  1.900000  orientation 0.00
drill  1.400000
shape_offset  0.000000  0.000000
$EndPAD
$PAD "9"
Shape Circle Layer both
position -33.600000  0.000000  size  1.900000  1.900000  orientation 0.00
drill  1.400000
shape_offset  0.000000  0.000000
$EndPAD
$PAD "8"
Shape Circle Layer both
position -29.400000  0.000000  size  1.900000  1.900000  orientation 0.00
drill  1.400000
shape_offset  0.000000  0.000000
$EndPAD
$PAD "7"
Shape Circle Layer both
position -25.200000  0.000000  size  1.900000  1.900000  orientation 0.00
drill  1.400000
shape_offset  0.000000  0.000000
$EndPAD
$PAD "6"
Shape Circle Layer both
position -21.000000  0.000000  size  1.900000  1.900000  orientation 0.00
drill  1.400000
shape_offset  0.000000  0.000000
$EndPAD
$PAD "5"
Shape Circle Layer both
position -16.800000  0.000000  size  1.900000  1.900000  orientation 0.00
drill  1.400000
shape_offset  0.000000  0.000000
$EndPAD
$PAD "4"
Shape Circle Layer both
position -12.600000  0.000000  size  1.900000  1.900000  orientation 0.00
drill  1.400000
shape_offset  0.000000  0.000000
$EndPAD
$PAD "3"
Shape Circle Layer both
position -8.400000  0.000000  size  1.900000  1.900000  orientation 0.00
drill  1.400000
shape_offset  0.000000  0.000000
$EndPAD
$PAD "2"
Shape Circle Layer both
position -4.200000  0.000000  size  1.900000  1.900000  orientation 0.00
drill  1.400000
shape_offset  0.000000  0.000000
$EndPAD
$PAD "1"
Shape Rect Layer both
position  0.000000  0.000000  size  1.900000  1.900000  orientation 0.00
drill  1.400000
shape_offset  0.000000  0.000000
$EndPAD
$EndMODULE  J1

$MODULE "D1"
reference "D1"
value "Red Led"
footprint "LED_SMD:LED_0805_2012Metric"
attribut smd
position 148.925780 121.226862  orientation 180.00
layer front
$PAD "2"
Shape Roundrect Layer front
position  0.937500  0.000000  size  0.975000  1.400000  orientation 0.00
drill  0.000000
shape_offset  0.000000  0.000000
$EndPAD
$PAD "1"
Shape Roundrect Layer front
position -0.937500  0.000000  size  0.975000  1.400000  orientation 0.00
drill  0.000000
shape_offset  0.000000  0.000000
$EndPAD
$EndMODULE  D1

$MODULE "U2"
reference "U2"
value "74LVC1G06"
footprint "Package_TO_SOT_SMD:SOT-23-5"
attribut smd
position 132.930000 118.860000  orientation 180.00
layer front
$PAD "5"
Shape Rect Layer front
position  1.100000 -0.950000  size  1.060000  0.650000  orientation 0.00
drill  0.000000
shape_offset  0.000000  0.000000
$EndPAD
$PAD "4"
Shape Rect Layer front
position  1.100000  0.950000  size  1.060000  0.650000  orientation 0.00
drill  0.000000
shape_offset  0.000000  0.000000
$EndPAD
$PAD "3"
Shape Rect Layer front
position -1.100000  0.950000  size  1.060000  0.650000  orientation 0.00
drill  0.000000
shape_offset  0.000000  0.000000
$EndPAD
$PAD "2"
Shape Rect Layer front
position -1.100000  0.000000  size  1.060000  0.650000  orientation 0.00
drill  0.000000
shape_offset  0.000000  0.000000
$EndPAD
$PAD "1"
Shape Rect Layer front
position -1.100000 -0.950000  size  1.060000  0.650000  orientation 0.00
drill  0.000000
shape_offset  0.000000  0.000000
$EndPAD
$EndMODULE  U2

$MODULE "C1"
reference "C1"
value "100 nF"
footprint "Capacitor_SMD:C_0603_1608Metric"
attribut smd
position 132.605000 122.360000  orientation 180.00
layer front
$PAD "2"
Shape Roundrect Layer front
position  0.775000  0.000000  size  0.900000  0.950000  orientation 0.00
drill  0.000000
shape_offset  0.000000  0.000000
$EndPAD
$PAD "1"
Shape Roundrect Layer front
position -0.775000  0.000000  size  0.900000  0.950000  orientation 0.00
drill  0.000000
shape_offset  0.000000  0.000000
$EndPAD
$EndMODULE  C1

$EndDESCRIPTION
